<?xml version="1.0" encoding="UTF-8"?>
<testsuite xmlns:xsi="http://www.w3.org/2001/XMLSchema-instance" xsi:noNamespaceSchemaLocation="https://maven.apache.org/surefire/maven-surefire-plugin/xsd/surefire-test-report.xsd" name="com.leyou.auth.test.JwtTest" time="0.872" tests="3" errors="0" skipped="0" failures="0">
  <properties>
[...]
</properties>
  <testcase name="testParseToken" classname="com.leyou.auth.test.JwtTest" time="0.606"/>
  <testcase name="testRsa" classname="com.leyou.auth.test.JwtTest" time="0.128"/>
  <testcase name="testGenerateToken" classname="com.leyou.auth.test.JwtTest" time="0.078"/>
</testsuite>